[2025-10-13 15:44:57] laravel.EMERGENCY: Unable to create configured logger. Using emergency logger. {"exception":"[object] (InvalidArgumentException(code: 0): Log [] is not defined. at C:\\Users\\Bryan\\Desktop\\sample project\\Nextgen Perfumes\\nextgen-perfumes-backend\\vendor\\laravel\\framework\\src\\Illuminate\\Log\\LogManager.php:212)
[stacktrace]
#0 C:\\Users\\Bryan\\Desktop\\sample project\\Nextgen Perfumes\\nextgen-perfumes-backend\\vendor\\laravel\\framework\\src\\Illuminate\\Log\\LogManager.php(137): Illuminate\\Log\\LogManager->resolve(NULL, NULL)
#1 C:\\Users\\Bryan\\Desktop\\sample project\\Nextgen Perfumes\\nextgen-perfumes-backend\\vendor\\laravel\\framework\\src\\Illuminate\\Log\\LogManager.php(124): Illuminate\\Log\\LogManager->get(NULL)
#2 C:\\Users\\Bryan\\Desktop\\sample project\\Nextgen Perfumes\\nextgen-perfumes-backend\\vendor\\laravel\\framework\\src\\Illuminate\\Log\\LogManager.php(681): Illuminate\\Log\\LogManager->driver()
#3 C:\\Users\\Bryan\\Desktop\\sample project\\Nextgen Perfumes\\nextgen-perfumes-backend\\vendor\\laravel\\framework\\src\\Illuminate\\Foundation\\Exceptions\\Handler.php(317): Illuminate\\Log\\LogManager->error('The C:\\\\Users\\\\Br...', Array)
#4 C:\\Users\\Bryan\\Desktop\\sample project\\Nextgen Perfumes\\nextgen-perfumes-backend\\vendor\\laravel\\framework\\src\\Illuminate\\Foundation\\Exceptions\\Handler.php(278): Illuminate\\Foundation\\Exceptions\\Handler->reportThrowable(Object(Exception))
#5 C:\\Users\\Bryan\\Desktop\\sample project\\Nextgen Perfumes\\nextgen-perfumes-backend\\vendor\\laravel\\framework\\src\\Illuminate\\Foundation\\Console\\Kernel.php(523): Illuminate\\Foundation\\Exceptions\\Handler->report(Object(Exception))
#6 C:\\Users\\Bryan\\Desktop\\sample project\\Nextgen Perfumes\\nextgen-perfumes-backend\\vendor\\laravel\\framework\\src\\Illuminate\\Foundation\\Console\\Kernel.php(203): Illuminate\\Foundation\\Console\\Kernel->reportException(Object(Exception))
#7 C:\\Users\\Bryan\\Desktop\\sample project\\Nextgen Perfumes\\nextgen-perfumes-backend\\artisan(12): Illuminate\\Foundation\\Console\\Kernel->handle(Object(Symfony\\Component\\Console\\Input\\ArgvInput), Object(Symfony\\Component\\Console\\Output\\ConsoleOutput))
#8 {main}
"} 
[2025-10-13 15:44:57] laravel.ERROR: The C:\Users\Bryan\Desktop\sample project\Nextgen Perfumes\nextgen-perfumes-backend\bootstrap\cache directory must be present and writable. {"exception":"[object] (Exception(code: 0): The C:\\Users\\Bryan\\Desktop\\sample project\\Nextgen Perfumes\\nextgen-perfumes-backend\\bootstrap\\cache directory must be present and writable. at C:\\Users\\Bryan\\Desktop\\sample project\\Nextgen Perfumes\\nextgen-perfumes-backend\\vendor\\laravel\\framework\\src\\Illuminate\\Foundation\\PackageManifest.php:178)
[stacktrace]
#0 C:\\Users\\Bryan\\Desktop\\sample project\\Nextgen Perfumes\\nextgen-perfumes-backend\\vendor\\laravel\\framework\\src\\Illuminate\\Foundation\\PackageManifest.php(131): Illuminate\\Foundation\\PackageManifest->write(Array)
#1 C:\\Users\\Bryan\\Desktop\\sample project\\Nextgen Perfumes\\nextgen-perfumes-backend\\vendor\\laravel\\framework\\src\\Illuminate\\Foundation\\PackageManifest.php(107): Illuminate\\Foundation\\PackageManifest->build()
#2 C:\\Users\\Bryan\\Desktop\\sample project\\Nextgen Perfumes\\nextgen-perfumes-backend\\vendor\\laravel\\framework\\src\\Illuminate\\Foundation\\PackageManifest.php(90): Illuminate\\Foundation\\PackageManifest->getManifest()
#3 C:\\Users\\Bryan\\Desktop\\sample project\\Nextgen Perfumes\\nextgen-perfumes-backend\\vendor\\laravel\\framework\\src\\Illuminate\\Foundation\\PackageManifest.php(79): Illuminate\\Foundation\\PackageManifest->config('aliases')
#4 C:\\Users\\Bryan\\Desktop\\sample project\\Nextgen Perfumes\\nextgen-perfumes-backend\\vendor\\laravel\\framework\\src\\Illuminate\\Foundation\\Bootstrap\\RegisterFacades.php(26): Illuminate\\Foundation\\PackageManifest->aliases()
#5 C:\\Users\\Bryan\\Desktop\\sample project\\Nextgen Perfumes\\nextgen-perfumes-backend\\vendor\\laravel\\framework\\src\\Illuminate\\Foundation\\Application.php(286): Illuminate\\Foundation\\Bootstrap\\RegisterFacades->bootstrap(Object(Illuminate\\Foundation\\Application))
#6 C:\\Users\\Bryan\\Desktop\\sample project\\Nextgen Perfumes\\nextgen-perfumes-backend\\vendor\\laravel\\framework\\src\\Illuminate\\Foundation\\Console\\Kernel.php(447): Illuminate\\Foundation\\Application->bootstrapWith(Array)
#7 C:\\Users\\Bryan\\Desktop\\sample project\\Nextgen Perfumes\\nextgen-perfumes-backend\\vendor\\laravel\\framework\\src\\Illuminate\\Foundation\\Console\\Kernel.php(199): Illuminate\\Foundation\\Console\\Kernel->bootstrap()
#8 C:\\Users\\Bryan\\Desktop\\sample project\\Nextgen Perfumes\\nextgen-perfumes-backend\\artisan(12): Illuminate\\Foundation\\Console\\Kernel->handle(Object(Symfony\\Component\\Console\\Input\\ArgvInput), Object(Symfony\\Component\\Console\\Output\\ConsoleOutput))
#9 {main}
"} 
[2025-10-13 15:45:51] laravel.EMERGENCY: Unable to create configured logger. Using emergency logger. {"exception":"[object] (InvalidArgumentException(code: 0): Log [] is not defined. at C:\\Users\\Bryan\\Desktop\\sample project\\Nextgen Perfumes\\nextgen-perfumes-backend\\vendor\\laravel\\framework\\src\\Illuminate\\Log\\LogManager.php:212)
[stacktrace]
#0 C:\\Users\\Bryan\\Desktop\\sample project\\Nextgen Perfumes\\nextgen-perfumes-backend\\vendor\\laravel\\framework\\src\\Illuminate\\Log\\LogManager.php(137): Illuminate\\Log\\LogManager->resolve(NULL, NULL)
#1 C:\\Users\\Bryan\\Desktop\\sample project\\Nextgen Perfumes\\nextgen-perfumes-backend\\vendor\\laravel\\framework\\src\\Illuminate\\Log\\LogManager.php(124): Illuminate\\Log\\LogManager->get(NULL)
#2 C:\\Users\\Bryan\\Desktop\\sample project\\Nextgen Perfumes\\nextgen-perfumes-backend\\vendor\\laravel\\framework\\src\\Illuminate\\Log\\LogManager.php(681): Illuminate\\Log\\LogManager->driver()
#3 C:\\Users\\Bryan\\Desktop\\sample project\\Nextgen Perfumes\\nextgen-perfumes-backend\\vendor\\laravel\\framework\\src\\Illuminate\\Foundation\\Exceptions\\Handler.php(317): Illuminate\\Log\\LogManager->error('Method Illumina...', Array)
#4 C:\\Users\\Bryan\\Desktop\\sample project\\Nextgen Perfumes\\nextgen-perfumes-backend\\vendor\\laravel\\framework\\src\\Illuminate\\Foundation\\Exceptions\\Handler.php(278): Illuminate\\Foundation\\Exceptions\\Handler->reportThrowable(Object(BadMethodCallException))
#5 C:\\Users\\Bryan\\Desktop\\sample project\\Nextgen Perfumes\\nextgen-perfumes-backend\\vendor\\laravel\\framework\\src\\Illuminate\\Foundation\\Console\\Kernel.php(523): Illuminate\\Foundation\\Exceptions\\Handler->report(Object(BadMethodCallException))
#6 C:\\Users\\Bryan\\Desktop\\sample project\\Nextgen Perfumes\\nextgen-perfumes-backend\\vendor\\laravel\\framework\\src\\Illuminate\\Foundation\\Console\\Kernel.php(203): Illuminate\\Foundation\\Console\\Kernel->reportException(Object(BadMethodCallException))
#7 C:\\Users\\Bryan\\Desktop\\sample project\\Nextgen Perfumes\\nextgen-perfumes-backend\\artisan(12): Illuminate\\Foundation\\Console\\Kernel->handle(Object(Symfony\\Component\\Console\\Input\\ArgvInput), Object(Symfony\\Component\\Console\\Output\\ConsoleOutput))
#8 {main}
"} 
[2025-10-13 15:45:51] laravel.ERROR: Method Illuminate\Foundation\Console\ClosureCommand::hourly does not exist. {"exception":"[object] (BadMethodCallException(code: 0): Method Illuminate\\Foundation\\Console\\ClosureCommand::hourly does not exist. at C:\\Users\\Bryan\\Desktop\\sample project\\Nextgen Perfumes\\nextgen-perfumes-backend\\vendor\\laravel\\framework\\src\\Illuminate\\Macroable\\Traits\\Macroable.php:112)
[stacktrace]
#0 C:\\Users\\Bryan\\Desktop\\sample project\\Nextgen Perfumes\\nextgen-perfumes-backend\\routes\\console.php(8): Illuminate\\Console\\Command->__call('hourly', Array)
#1 C:\\Users\\Bryan\\Desktop\\sample project\\Nextgen Perfumes\\nextgen-perfumes-backend\\app\\Console\\Kernel.php(21): require('C:\\\\Users\\\\Bryan\\\\...')
#2 C:\\Users\\Bryan\\Desktop\\sample project\\Nextgen Perfumes\\nextgen-perfumes-backend\\vendor\\laravel\\framework\\src\\Illuminate\\Foundation\\Console\\Kernel.php(453): App\\Console\\Kernel->commands()
#3 C:\\Users\\Bryan\\Desktop\\sample project\\Nextgen Perfumes\\nextgen-perfumes-backend\\vendor\\laravel\\framework\\src\\Illuminate\\Foundation\\Console\\Kernel.php(199): Illuminate\\Foundation\\Console\\Kernel->bootstrap()
#4 C:\\Users\\Bryan\\Desktop\\sample project\\Nextgen Perfumes\\nextgen-perfumes-backend\\artisan(12): Illuminate\\Foundation\\Console\\Kernel->handle(Object(Symfony\\Component\\Console\\Input\\ArgvInput), Object(Symfony\\Component\\Console\\Output\\ConsoleOutput))
#5 {main}
"} 
[2025-10-13 15:46:22] laravel.EMERGENCY: Unable to create configured logger. Using emergency logger. {"exception":"[object] (InvalidArgumentException(code: 0): Log [] is not defined. at C:\\Users\\Bryan\\Desktop\\sample project\\Nextgen Perfumes\\nextgen-perfumes-backend\\vendor\\laravel\\framework\\src\\Illuminate\\Log\\LogManager.php:212)
[stacktrace]
#0 C:\\Users\\Bryan\\Desktop\\sample project\\Nextgen Perfumes\\nextgen-perfumes-backend\\vendor\\laravel\\framework\\src\\Illuminate\\Log\\LogManager.php(137): Illuminate\\Log\\LogManager->resolve(NULL, NULL)
#1 C:\\Users\\Bryan\\Desktop\\sample project\\Nextgen Perfumes\\nextgen-perfumes-backend\\vendor\\laravel\\framework\\src\\Illuminate\\Log\\LogManager.php(124): Illuminate\\Log\\LogManager->get(NULL)
#2 C:\\Users\\Bryan\\Desktop\\sample project\\Nextgen Perfumes\\nextgen-perfumes-backend\\vendor\\laravel\\framework\\src\\Illuminate\\Log\\LogManager.php(681): Illuminate\\Log\\LogManager->driver()
#3 C:\\Users\\Bryan\\Desktop\\sample project\\Nextgen Perfumes\\nextgen-perfumes-backend\\vendor\\laravel\\framework\\src\\Illuminate\\Foundation\\Exceptions\\Handler.php(317): Illuminate\\Log\\LogManager->error('Method Illumina...', Array)
#4 C:\\Users\\Bryan\\Desktop\\sample project\\Nextgen Perfumes\\nextgen-perfumes-backend\\vendor\\laravel\\framework\\src\\Illuminate\\Foundation\\Exceptions\\Handler.php(278): Illuminate\\Foundation\\Exceptions\\Handler->reportThrowable(Object(BadMethodCallException))
#5 C:\\Users\\Bryan\\Desktop\\sample project\\Nextgen Perfumes\\nextgen-perfumes-backend\\vendor\\laravel\\framework\\src\\Illuminate\\Foundation\\Console\\Kernel.php(523): Illuminate\\Foundation\\Exceptions\\Handler->report(Object(BadMethodCallException))
#6 C:\\Users\\Bryan\\Desktop\\sample project\\Nextgen Perfumes\\nextgen-perfumes-backend\\vendor\\laravel\\framework\\src\\Illuminate\\Foundation\\Console\\Kernel.php(203): Illuminate\\Foundation\\Console\\Kernel->reportException(Object(BadMethodCallException))
#7 C:\\Users\\Bryan\\Desktop\\sample project\\Nextgen Perfumes\\nextgen-perfumes-backend\\artisan(12): Illuminate\\Foundation\\Console\\Kernel->handle(Object(Symfony\\Component\\Console\\Input\\ArgvInput), Object(Symfony\\Component\\Console\\Output\\ConsoleOutput))
#8 {main}
"} 
[2025-10-13 15:46:22] laravel.ERROR: Method Illuminate\Foundation\Console\ClosureCommand::hourly does not exist. {"exception":"[object] (BadMethodCallException(code: 0): Method Illuminate\\Foundation\\Console\\ClosureCommand::hourly does not exist. at C:\\Users\\Bryan\\Desktop\\sample project\\Nextgen Perfumes\\nextgen-perfumes-backend\\vendor\\laravel\\framework\\src\\Illuminate\\Macroable\\Traits\\Macroable.php:112)
[stacktrace]
#0 C:\\Users\\Bryan\\Desktop\\sample project\\Nextgen Perfumes\\nextgen-perfumes-backend\\routes\\console.php(8): Illuminate\\Console\\Command->__call('hourly', Array)
#1 C:\\Users\\Bryan\\Desktop\\sample project\\Nextgen Perfumes\\nextgen-perfumes-backend\\app\\Console\\Kernel.php(21): require('C:\\\\Users\\\\Bryan\\\\...')
#2 C:\\Users\\Bryan\\Desktop\\sample project\\Nextgen Perfumes\\nextgen-perfumes-backend\\vendor\\laravel\\framework\\src\\Illuminate\\Foundation\\Console\\Kernel.php(453): App\\Console\\Kernel->commands()
#3 C:\\Users\\Bryan\\Desktop\\sample project\\Nextgen Perfumes\\nextgen-perfumes-backend\\vendor\\laravel\\framework\\src\\Illuminate\\Foundation\\Console\\Kernel.php(199): Illuminate\\Foundation\\Console\\Kernel->bootstrap()
#4 C:\\Users\\Bryan\\Desktop\\sample project\\Nextgen Perfumes\\nextgen-perfumes-backend\\artisan(12): Illuminate\\Foundation\\Console\\Kernel->handle(Object(Symfony\\Component\\Console\\Input\\ArgvInput), Object(Symfony\\Component\\Console\\Output\\ConsoleOutput))
#5 {main}
"} 
[2025-10-13 15:51:26] laravel.EMERGENCY: Unable to create configured logger. Using emergency logger. {"exception":"[object] (InvalidArgumentException(code: 0): Log [] is not defined. at C:\\Users\\Bryan\\Desktop\\sample project\\Nextgen Perfumes\\nextgen-perfumes-backend\\vendor\\laravel\\framework\\src\\Illuminate\\Log\\LogManager.php:212)
[stacktrace]
#0 C:\\Users\\Bryan\\Desktop\\sample project\\Nextgen Perfumes\\nextgen-perfumes-backend\\vendor\\laravel\\framework\\src\\Illuminate\\Log\\LogManager.php(137): Illuminate\\Log\\LogManager->resolve(NULL, NULL)
#1 C:\\Users\\Bryan\\Desktop\\sample project\\Nextgen Perfumes\\nextgen-perfumes-backend\\vendor\\laravel\\framework\\src\\Illuminate\\Log\\LogManager.php(124): Illuminate\\Log\\LogManager->get(NULL)
#2 C:\\Users\\Bryan\\Desktop\\sample project\\Nextgen Perfumes\\nextgen-perfumes-backend\\vendor\\laravel\\framework\\src\\Illuminate\\Log\\LogManager.php(681): Illuminate\\Log\\LogManager->driver()
#3 C:\\Users\\Bryan\\Desktop\\sample project\\Nextgen Perfumes\\nextgen-perfumes-backend\\vendor\\laravel\\framework\\src\\Illuminate\\Foundation\\Exceptions\\Handler.php(317): Illuminate\\Log\\LogManager->error('Method Illumina...', Array)
#4 C:\\Users\\Bryan\\Desktop\\sample project\\Nextgen Perfumes\\nextgen-perfumes-backend\\vendor\\laravel\\framework\\src\\Illuminate\\Foundation\\Exceptions\\Handler.php(278): Illuminate\\Foundation\\Exceptions\\Handler->reportThrowable(Object(BadMethodCallException))
#5 C:\\Users\\Bryan\\Desktop\\sample project\\Nextgen Perfumes\\nextgen-perfumes-backend\\vendor\\laravel\\framework\\src\\Illuminate\\Foundation\\Console\\Kernel.php(523): Illuminate\\Foundation\\Exceptions\\Handler->report(Object(BadMethodCallException))
#6 C:\\Users\\Bryan\\Desktop\\sample project\\Nextgen Perfumes\\nextgen-perfumes-backend\\vendor\\laravel\\framework\\src\\Illuminate\\Foundation\\Console\\Kernel.php(203): Illuminate\\Foundation\\Console\\Kernel->reportException(Object(BadMethodCallException))
#7 C:\\Users\\Bryan\\Desktop\\sample project\\Nextgen Perfumes\\nextgen-perfumes-backend\\artisan(12): Illuminate\\Foundation\\Console\\Kernel->handle(Object(Symfony\\Component\\Console\\Input\\ArgvInput), Object(Symfony\\Component\\Console\\Output\\ConsoleOutput))
#8 {main}
"} 
[2025-10-13 15:51:26] laravel.ERROR: Method Illuminate\Foundation\Console\ClosureCommand::hourly does not exist. {"exception":"[object] (BadMethodCallException(code: 0): Method Illuminate\\Foundation\\Console\\ClosureCommand::hourly does not exist. at C:\\Users\\Bryan\\Desktop\\sample project\\Nextgen Perfumes\\nextgen-perfumes-backend\\vendor\\laravel\\framework\\src\\Illuminate\\Macroable\\Traits\\Macroable.php:112)
[stacktrace]
#0 C:\\Users\\Bryan\\Desktop\\sample project\\Nextgen Perfumes\\nextgen-perfumes-backend\\routes\\console.php(8): Illuminate\\Console\\Command->__call('hourly', Array)
#1 C:\\Users\\Bryan\\Desktop\\sample project\\Nextgen Perfumes\\nextgen-perfumes-backend\\app\\Console\\Kernel.php(21): require('C:\\\\Users\\\\Bryan\\\\...')
#2 C:\\Users\\Bryan\\Desktop\\sample project\\Nextgen Perfumes\\nextgen-perfumes-backend\\vendor\\laravel\\framework\\src\\Illuminate\\Foundation\\Console\\Kernel.php(453): App\\Console\\Kernel->commands()
#3 C:\\Users\\Bryan\\Desktop\\sample project\\Nextgen Perfumes\\nextgen-perfumes-backend\\vendor\\laravel\\framework\\src\\Illuminate\\Foundation\\Console\\Kernel.php(199): Illuminate\\Foundation\\Console\\Kernel->bootstrap()
#4 C:\\Users\\Bryan\\Desktop\\sample project\\Nextgen Perfumes\\nextgen-perfumes-backend\\artisan(12): Illuminate\\Foundation\\Console\\Kernel->handle(Object(Symfony\\Component\\Console\\Input\\ArgvInput), Object(Symfony\\Component\\Console\\Output\\ConsoleOutput))
#5 {main}
"} 
[2025-10-13 15:52:59] laravel.EMERGENCY: Unable to create configured logger. Using emergency logger. {"exception":"[object] (InvalidArgumentException(code: 0): Log [] is not defined. at C:\\Users\\Bryan\\Desktop\\sample project\\Nextgen Perfumes\\nextgen-perfumes-backend\\vendor\\laravel\\framework\\src\\Illuminate\\Log\\LogManager.php:212)
[stacktrace]
#0 C:\\Users\\Bryan\\Desktop\\sample project\\Nextgen Perfumes\\nextgen-perfumes-backend\\vendor\\laravel\\framework\\src\\Illuminate\\Log\\LogManager.php(137): Illuminate\\Log\\LogManager->resolve(NULL, NULL)
#1 C:\\Users\\Bryan\\Desktop\\sample project\\Nextgen Perfumes\\nextgen-perfumes-backend\\vendor\\laravel\\framework\\src\\Illuminate\\Log\\LogManager.php(124): Illuminate\\Log\\LogManager->get(NULL)
#2 C:\\Users\\Bryan\\Desktop\\sample project\\Nextgen Perfumes\\nextgen-perfumes-backend\\vendor\\laravel\\framework\\src\\Illuminate\\Log\\LogManager.php(681): Illuminate\\Log\\LogManager->driver()
#3 C:\\Users\\Bryan\\Desktop\\sample project\\Nextgen Perfumes\\nextgen-perfumes-backend\\vendor\\laravel\\framework\\src\\Illuminate\\Foundation\\Exceptions\\Handler.php(317): Illuminate\\Log\\LogManager->error('Method Illumina...', Array)
#4 C:\\Users\\Bryan\\Desktop\\sample project\\Nextgen Perfumes\\nextgen-perfumes-backend\\vendor\\laravel\\framework\\src\\Illuminate\\Foundation\\Exceptions\\Handler.php(278): Illuminate\\Foundation\\Exceptions\\Handler->reportThrowable(Object(BadMethodCallException))
#5 C:\\Users\\Bryan\\Desktop\\sample project\\Nextgen Perfumes\\nextgen-perfumes-backend\\vendor\\laravel\\framework\\src\\Illuminate\\Foundation\\Console\\Kernel.php(523): Illuminate\\Foundation\\Exceptions\\Handler->report(Object(BadMethodCallException))
#6 C:\\Users\\Bryan\\Desktop\\sample project\\Nextgen Perfumes\\nextgen-perfumes-backend\\vendor\\laravel\\framework\\src\\Illuminate\\Foundation\\Console\\Kernel.php(203): Illuminate\\Foundation\\Console\\Kernel->reportException(Object(BadMethodCallException))
#7 C:\\Users\\Bryan\\Desktop\\sample project\\Nextgen Perfumes\\nextgen-perfumes-backend\\artisan(12): Illuminate\\Foundation\\Console\\Kernel->handle(Object(Symfony\\Component\\Console\\Input\\ArgvInput), Object(Symfony\\Component\\Console\\Output\\ConsoleOutput))
#8 {main}
"} 
[2025-10-13 15:52:59] laravel.ERROR: Method Illuminate\Foundation\Console\ClosureCommand::hourly does not exist. {"exception":"[object] (BadMethodCallException(code: 0): Method Illuminate\\Foundation\\Console\\ClosureCommand::hourly does not exist. at C:\\Users\\Bryan\\Desktop\\sample project\\Nextgen Perfumes\\nextgen-perfumes-backend\\vendor\\laravel\\framework\\src\\Illuminate\\Macroable\\Traits\\Macroable.php:112)
[stacktrace]
#0 C:\\Users\\Bryan\\Desktop\\sample project\\Nextgen Perfumes\\nextgen-perfumes-backend\\routes\\console.php(8): Illuminate\\Console\\Command->__call('hourly', Array)
#1 C:\\Users\\Bryan\\Desktop\\sample project\\Nextgen Perfumes\\nextgen-perfumes-backend\\app\\Console\\Kernel.php(21): require('C:\\\\Users\\\\Bryan\\\\...')
#2 C:\\Users\\Bryan\\Desktop\\sample project\\Nextgen Perfumes\\nextgen-perfumes-backend\\vendor\\laravel\\framework\\src\\Illuminate\\Foundation\\Console\\Kernel.php(453): App\\Console\\Kernel->commands()
#3 C:\\Users\\Bryan\\Desktop\\sample project\\Nextgen Perfumes\\nextgen-perfumes-backend\\vendor\\laravel\\framework\\src\\Illuminate\\Foundation\\Console\\Kernel.php(199): Illuminate\\Foundation\\Console\\Kernel->bootstrap()
#4 C:\\Users\\Bryan\\Desktop\\sample project\\Nextgen Perfumes\\nextgen-perfumes-backend\\artisan(12): Illuminate\\Foundation\\Console\\Kernel->handle(Object(Symfony\\Component\\Console\\Input\\ArgvInput), Object(Symfony\\Component\\Console\\Output\\ConsoleOutput))
#5 {main}
"} 
